<?xml version="1.0" encoding="UTF-8"?>
<robot generator="Robot 3.0.4 (Python 3.7.0 on win32)" generated="20181108 12:30:26.554">
<suite id="s1" name="General Tests" source="D:\projects\eVignette\automated_tests\tests\General_Tests.robot">
<test id="s1-t1" name="Customer - Attempt to login with incorrect email address">
<kw name="Begin test" library="CommonMethods" type="setup">
<kw name="Open Browser" library="SeleniumLibrary">
<doc>Opens a new browser instance to the given ``url``.</doc>
<arguments>
<arg>about:blank</arg>
<arg>${BROWSER}</arg>
</arguments>
<msg timestamp="20181108 12:30:26.696" level="INFO">Opening browser 'ff' to base url 'about:blank'.</msg>
<kw name="Capture Page Screenshot" library="SeleniumLibrary">
<doc>Takes screenshot of the current page and embeds it into log file.</doc>
<msg timestamp="20181108 12:30:29.737" level="INFO">Cannot capture screenshot because no browser is open.</msg>
<status status="PASS" starttime="20181108 12:30:29.736" endtime="20181108 12:30:29.737"></status>
</kw>
<msg timestamp="20181108 12:30:29.739" level="FAIL">SessionNotCreatedException: Message: Unable to find a matching set of capabilities
</msg>
<status status="FAIL" starttime="20181108 12:30:26.696" endtime="20181108 12:30:29.739"></status>
</kw>
<status status="FAIL" starttime="20181108 12:30:26.696" endtime="20181108 12:30:29.739"></status>
</kw>
<kw name="End test" library="CommonMethods" type="teardown">
<kw name="Close All Browsers" library="SeleniumLibrary">
<doc>Closes all open browsers and resets the browser cache.</doc>
<status status="PASS" starttime="20181108 12:30:29.740" endtime="20181108 12:30:29.740"></status>
</kw>
<status status="PASS" starttime="20181108 12:30:29.740" endtime="20181108 12:30:29.740"></status>
</kw>
<doc>The customer cannot login with incorrect credentials</doc>
<tags>
<tag>current</tag>
</tags>
<status status="FAIL" starttime="20181108 12:30:26.695" endtime="20181108 12:30:29.740" critical="yes">Setup failed:
SessionNotCreatedException: Message: Unable to find a matching set of capabilities
</status>
</test>
<test id="s1-t2" name="Customer - Attempt to login with incorrect password">
<kw name="Begin test" library="CommonMethods" type="setup">
<kw name="Open Browser" library="SeleniumLibrary">
<doc>Opens a new browser instance to the given ``url``.</doc>
<arguments>
<arg>about:blank</arg>
<arg>${BROWSER}</arg>
</arguments>
<msg timestamp="20181108 12:30:29.742" level="INFO">Opening browser 'ff' to base url 'about:blank'.</msg>
<kw name="Capture Page Screenshot" library="SeleniumLibrary">
<doc>Takes screenshot of the current page and embeds it into log file.</doc>
<msg timestamp="20181108 12:30:32.787" level="INFO">Cannot capture screenshot because no browser is open.</msg>
<status status="PASS" starttime="20181108 12:30:32.786" endtime="20181108 12:30:32.787"></status>
</kw>
<msg timestamp="20181108 12:30:32.788" level="FAIL">SessionNotCreatedException: Message: Unable to find a matching set of capabilities
</msg>
<status status="FAIL" starttime="20181108 12:30:29.742" endtime="20181108 12:30:32.788"></status>
</kw>
<status status="FAIL" starttime="20181108 12:30:29.742" endtime="20181108 12:30:32.788"></status>
</kw>
<kw name="End test" library="CommonMethods" type="teardown">
<kw name="Close All Browsers" library="SeleniumLibrary">
<doc>Closes all open browsers and resets the browser cache.</doc>
<status status="PASS" starttime="20181108 12:30:32.789" endtime="20181108 12:30:32.789"></status>
</kw>
<status status="PASS" starttime="20181108 12:30:32.788" endtime="20181108 12:30:32.789"></status>
</kw>
<doc>The customer cannot login with incorrect credentials</doc>
<tags>
<tag>current</tag>
</tags>
<status status="FAIL" starttime="20181108 12:30:29.741" endtime="20181108 12:30:32.789" critical="yes">Setup failed:
SessionNotCreatedException: Message: Unable to find a matching set of capabilities
</status>
</test>
<doc>The suite contains the general tests</doc>
<status status="FAIL" starttime="20181108 12:30:26.555" endtime="20181108 12:30:32.790"></status>
</suite>
<statistics>
<total>
<stat pass="0" fail="2">Critical Tests</stat>
<stat pass="0" fail="2">All Tests</stat>
</total>
<tag>
<stat pass="0" fail="2">current</stat>
</tag>
<suite>
<stat pass="0" fail="2" id="s1" name="General Tests">General Tests</stat>
</suite>
</statistics>
<errors>
</errors>
</robot>
